#
# A fatal error has been detected by the Java Runtime Environment:
#
#  EXCEPTION_UNCAUGHT_CXX_EXCEPTION (0xe06d7363) at pc=0x00007ffc06149e08, pid=13012, tid=3724
#
# JRE version: Java(TM) SE Runtime Environment (8.0_91-b15) (build 1.8.0_91-b15)
# Java VM: Java HotSpot(TM) 64-Bit Server VM (25.91-b15 mixed mode windows-amd64 compressed oops)
# Problematic frame:
# C  [KERNELBASE.dll+0x69e08]
#
# Failed to write core dump. Minidumps are not enabled by default on client versions of Windows
#
# If you would like to submit a bug report, please visit:
#   http://bugreport.java.com/bugreport/crash.jsp
# The crash happened outside the Java Virtual Machine in native code.
# See problematic frame for where to report the bug.
#

---------------  T H R E A D  ---------------

Current thread (0x0000000019c86800):  JavaThread "JavaFX Application Thread" [_thread_in_native, id=3724, stack(0x000000001a660000,0x000000001a760000)]

siginfo: ExceptionCode=0xe06d7363, ExceptionInformation=0x0000000019930520 0x000000001a75d260 0x00007ffbee31d220 0x00007ffbee250000 

Registers:
RAX=0x0000000000000001, RBX=0x00007ffbee31d220, RCX=0x0000000000000000, RDX=0x0032fec002537ec0
RSP=0x000000001a75d0f0, RBP=0x000000001a75d230, RSI=0x0000000000010000, RDI=0x000000001a75d260
R8 =0x000000006c4111c9, R9 =0x0000000000000000, R10=0x0000000000000000, R11=0x0000000000000000
R12=0x000000002862df30, R13=0x0000000081d12e01, R14=0x0000000026c47dc0, R15=0x0000000026c47dc0
RIP=0x00007ffc06149e08, EFLAGS=0x0000000000000206

Top of Stack: (sp=0x000000001a75d0f0)
0x000000001a75d0f0:   0000000000000000 00007ffbee31d220
0x000000001a75d100:   0000000000010000 000000001a75d260
0x000000001a75d110:   00000001e06d7363 0000000000000000
0x000000001a75d120:   00007ffc06149e08 0000000000000004
0x000000001a75d130:   0000000019930520 000000001a75d260
0x000000001a75d140:   00007ffbee31d220 00007ffbee250000
0x000000001a75d150:   0000000026c47dc0 000000002862df30
0x000000001a75d160:   000000001a75d260 0000000000010000
0x000000001a75d170:   000000001a75d230 00007ffc099bba13
0x000000001a75d180:   000000001a75d240 0000000000000000
0x000000001a75d190:   0000d1506bc46c77 0000000068d30000
0x000000001a75d1a0:   00007ffbee334000 00007ffbee250000
0x000000001a75d1b0:   000044ab5e90c996 000000001a75d328
0x000000001a75d1c0:   00007ffbee31d220 00007ffbee2aef63
0x000000001a75d1d0:   0000000000010000 00007ffbee2770f9
0x000000001a75d1e0:   0000000000010000 000000002862df30 

Instructions: (pc=0x00007ffc06149e08)
0x00007ffc06149de8:   49 8b d1 44 0f 47 c0 44 89 44 24 38 49 c1 e0 03
0x00007ffc06149df8:   e8 2b db 01 00 48 8d 4c 24 20 ff 15 e0 c7 0f 00
0x00007ffc06149e08:   48 8b 8c 24 c0 00 00 00 48 33 cc e8 88 b0 01 00
0x00007ffc06149e18:   48 81 c4 d8 00 00 00 c3 83 64 24 38 00 eb d6 cc 


Register to memory mapping:

RAX=0x0000000000000001 is an unknown value
RBX=0x00007ffbee31d220 is an unknown value
RCX=0x0000000000000000 is an unknown value
RDX=0x0032fec002537ec0 is an unknown value
RSP=0x000000001a75d0f0 is pointing into the stack for thread: 0x0000000019c86800
RBP=0x000000001a75d230 is pointing into the stack for thread: 0x0000000019c86800
RSI=0x0000000000010000 is an unknown value
RDI=0x000000001a75d260 is pointing into the stack for thread: 0x0000000019c86800
R8 =0x000000006c4111c9 is an unknown value
R9 =0x0000000000000000 is an unknown value
R10=0x0000000000000000 is an unknown value
R11=0x0000000000000000 is an unknown value
R12=0x000000002862df30 is an unknown value
R13=0x0000000081d12e01 is pointing into object: 0x0000000081d12df0
java.lang.invoke.DirectMethodHandle 
 - klass: 'java/lang/invoke/DirectMethodHandle'
R14=0x0000000026c47dc0 is an unknown value
R15=0x0000000026c47dc0 is an unknown value


Stack: [0x000000001a660000,0x000000001a760000],  sp=0x000000001a75d0f0,  free space=1012k
Native frames: (J=compiled Java code, j=interpreted, Vv=VM code, C=native code)
C  [KERNELBASE.dll+0x69e08]
C  [msvcr120.dll+0x5ef63]
C  [msvcr120.dll+0x669b0]
C  [jfxwebkit.dll+0x88405d]
C  [jfxwebkit.dll+0x884230]
C  [jfxwebkit.dll+0x88484b]
C  [jfxwebkit.dll+0x880bb8]
C  [jfxwebkit.dll+0xa56b50]
C  [jfxwebkit.dll+0xa59dd0]
C  [jfxwebkit.dll+0xa5b376]
C  [jfxwebkit.dll+0xa549a2]
C  [jfxwebkit.dll+0xa53aa6]
C  [jfxwebkit.dll+0xa53b07]
C  [jfxwebkit.dll+0xa53b07]
C  [jfxwebkit.dll+0xa53b07]
C  [jfxwebkit.dll+0xa53b07]
C  [jfxwebkit.dll+0xa53b07]
C  [jfxwebkit.dll+0xa53b07]
C  [jfxwebkit.dll+0x9a3713]
C  [jfxwebkit.dll+0x827a74]
C  [jfxwebkit.dll+0x829fad]
C  [jfxwebkit.dll+0x8c773f]
C  [jfxwebkit.dll+0x8aa6e6]
C  [jfxwebkit.dll+0x86ed96]
C  [jfxwebkit.dll+0xa56ba8]
C  [jfxwebkit.dll+0xa59dd0]
C  [jfxwebkit.dll+0xa5b376]
C  [jfxwebkit.dll+0xa549a2]
C  [jfxwebkit.dll+0x8aa9f0]
C  0x0000000003dcdd35

Java frames: (J=compiled Java code, j=interpreted, Vv=VM code)
J 5711  com.sun.webkit.WebPage.twkPrePaint(J)V (0 bytes) @ 0x0000000003dcdcbb [0x0000000003dcdc80+0x3b]
J 5443 C1 com.sun.webkit.WebPage.updateDirty(Lcom/sun/webkit/graphics/WCRectangle;)V (612 bytes) @ 0x0000000003fe5d24 [0x0000000003fe4ea0+0xe84]
J 5442 C1 com.sun.webkit.WebPage.updateContent(Lcom/sun/webkit/graphics/WCRectangle;)V (66 bytes) @ 0x0000000003535f4c [0x0000000003535700+0x84c]
J 5657 C2 javafx.scene.web.WebView$$Lambda$90.pulse()V (8 bytes) @ 0x0000000003f21704 [0x0000000003f20fa0+0x764]
J 3975 C2 com.sun.javafx.tk.Toolkit$$Lambda$302.run()Ljava/lang/Object; (8 bytes) @ 0x0000000003639204 [0x00000000036391c0+0x44]
v  ~StubRoutines::call_stub
J 1970  java.security.AccessController.doPrivileged(Ljava/security/PrivilegedAction;Ljava/security/AccessControlContext;)Ljava/lang/Object; (0 bytes) @ 0x00000000036e5026 [0x00000000036e4fc0+0x66]
J 3984 C2 com.sun.javafx.tk.Toolkit.firePulse()V (279 bytes) @ 0x0000000003b92750 [0x0000000003b91c80+0xad0]
J 4823 C2 com.sun.javafx.tk.quantum.QuantumToolkit.pulse(Z)V (164 bytes) @ 0x00000000034e6bfc [0x00000000034e6880+0x37c]
J 4836 C2 com.sun.javafx.tk.quantum.QuantumToolkit$$Lambda$42.run()V (8 bytes) @ 0x00000000034e6524 [0x00000000034e64e0+0x44]
J 4021 C2 com.sun.glass.ui.InvokeLaterDispatcher$Future.run()V (91 bytes) @ 0x0000000003b98c08 [0x0000000003b98bc0+0x48]
v  ~StubRoutines::call_stub
j  com.sun.glass.ui.win.WinApplication._runLoop(Ljava/lang/Runnable;)V+0
j  com.sun.glass.ui.win.WinApplication.lambda$null$148(ILjava/lang/Runnable;)V+8
j  com.sun.glass.ui.win.WinApplication$$Lambda$38.run()V+12
j  java.lang.Thread.run()V+11
v  ~StubRoutines::call_stub

---------------  P R O C E S S  ---------------

Java Threads: ( => current thread )
  0x0000000019feb800 JavaThread "Watchdog-Timer-1" daemon [_thread_blocked, id=13120, stack(0x0000000023ec0000,0x0000000023fc0000)]
  0x0000000019fec000 JavaThread "Prism Font Disposer" daemon [_thread_blocked, id=13132, stack(0x0000000020420000,0x0000000020520000)]
  0x0000000019da1000 JavaThread "Disposer" daemon [_thread_blocked, id=6904, stack(0x000000001ce20000,0x000000001cf20000)]
  0x0000000019d43000 JavaThread "JavaFX-Launcher" [_thread_blocked, id=14612, stack(0x000000001c460000,0x000000001c560000)]
  0x0000000019d0b000 JavaThread "Thread-2" daemon [_thread_in_native, id=1168, stack(0x000000001c360000,0x000000001c460000)]
=>0x0000000019c86800 JavaThread "JavaFX Application Thread" [_thread_in_native, id=3724, stack(0x000000001a660000,0x000000001a760000)]
  0x0000000019c85800 JavaThread "Thread-1" daemon [_thread_blocked, id=4432, stack(0x000000001a560000,0x000000001a660000)]
  0x0000000019c6c800 JavaThread "QuantumRenderer-0" daemon [_thread_blocked, id=10008, stack(0x000000001a440000,0x000000001a540000)]
  0x0000000019325000 JavaThread "Service Thread" daemon [_thread_blocked, id=7932, stack(0x0000000019a40000,0x0000000019b40000)]
  0x00000000192eb800 JavaThread "C1 CompilerThread2" daemon [_thread_blocked, id=888, stack(0x0000000019940000,0x0000000019a40000)]
  0x0000000019293000 JavaThread "C2 CompilerThread1" daemon [_thread_blocked, id=13456, stack(0x0000000019840000,0x0000000019940000)]
  0x000000001928f000 JavaThread "C2 CompilerThread0" daemon [_thread_blocked, id=17160, stack(0x0000000019740000,0x0000000019840000)]
  0x0000000017c3a800 JavaThread "Monitor Ctrl-Break" daemon [_thread_in_native, id=11504, stack(0x0000000019640000,0x0000000019740000)]
  0x0000000017bec800 JavaThread "Attach Listener" daemon [_thread_blocked, id=10692, stack(0x0000000019140000,0x0000000019240000)]
  0x0000000017beb000 JavaThread "Signal Dispatcher" daemon [_thread_blocked, id=12076, stack(0x0000000019040000,0x0000000019140000)]
  0x00000000030bd800 JavaThread "Finalizer" daemon [_thread_blocked, id=15512, stack(0x0000000018e50000,0x0000000018f50000)]
  0x00000000030b2000 JavaThread "Reference Handler" daemon [_thread_blocked, id=3000, stack(0x0000000018d50000,0x0000000018e50000)]
  0x0000000002fc2800 JavaThread "main" [_thread_blocked, id=16852, stack(0x0000000002ce0000,0x0000000002de0000)]

Other Threads:
  0x0000000017bb7800 VMThread [stack: 0x0000000018c50000,0x0000000018d50000] [id=14408]
  0x000000001932b000 WatcherThread [stack: 0x0000000019b40000,0x0000000019c40000] [id=8496]

VM state:not at safepoint (normal execution)

VM Mutex/Monitor currently owned by a thread: None

Heap:
 PSYoungGen      total 123904K, used 81753K [0x00000000d5f00000, 0x00000000e2d80000, 0x0000000100000000)
  eden space 43008K, 1% used [0x00000000d5f00000,0x00000000d5fd66e0,0x00000000d8900000)
  from space 80896K, 100% used [0x00000000dde80000,0x00000000e2d80000,0x00000000e2d80000)
  to   space 83456K, 0% used [0x00000000d8900000,0x00000000d8900000,0x00000000dda80000)
 ParOldGen       total 454144K, used 313288K [0x0000000081c00000, 0x000000009d780000, 0x00000000d5f00000)
  object space 454144K, 68% used [0x0000000081c00000,0x0000000094df2240,0x000000009d780000)
 Metaspace       used 25826K, capacity 27322K, committed 27648K, reserved 1073152K
  class space    used 3455K, capacity 3738K, committed 3840K, reserved 1048576K

Card table byte_map: [0x0000000012480000,0x0000000012880000] byte_map_base: 0x0000000012072000

Marking Bits: (ParMarkBitMap*) 0x000000006c9e2f70
 Begin Bits: [0x0000000012f30000, 0x0000000014ec0000)
 End Bits:   [0x0000000014ec0000, 0x0000000016e50000)

Polling page: 0x0000000001340000

CodeCache: size=245760Kb used=16735Kb max_used=16744Kb free=229024Kb
 bounds [0x00000000030c0000, 0x0000000004140000, 0x00000000120c0000]
 total_blobs=6018 nmethods=5222 adapters=707
 compilation: enabled

Compilation events (10 events):
Event: 201.259 Thread 0x000000001928f000 6126       4       com.sun.javafx.webkit.prism.PrismGraphicsManager::createRTImage (13 bytes)
Event: 201.262 Thread 0x0000000019293000 6127       4       com.sun.javafx.webkit.prism.PrismGraphicsManager::createBufferedContextRQ (45 bytes)
Event: 201.262 Thread 0x000000001928f000 nmethod 6126 0x000000000388b3d0 code [0x000000000388b520, 0x000000000388b658]
Event: 201.262 Thread 0x000000001928f000 6128       4       com.sun.javafx.webkit.prism.WCBufferedContext::<init> (51 bytes)
Event: 201.287 Thread 0x000000001928f000 nmethod 6128 0x000000000388c1d0 code [0x000000000388c3a0, 0x000000000388cb78]
Event: 201.287 Thread 0x000000001928f000 6129       4       com.sun.webkit.graphics.WCRenderQueue::<init> (47 bytes)
Event: 201.298 Thread 0x000000001928f000 nmethod 6129 0x000000000388aa90 code [0x000000000388ac20, 0x000000000388b058]
Event: 201.315 Thread 0x0000000019293000 nmethod 6127 0x0000000004132350 code [0x00000000041325a0, 0x00000000041337d8]
Event: 205.379 Thread 0x00000000192eb800 6130   !   3       java.util.concurrent.ThreadPoolExecutor::processWorkerExit (138 bytes)
Event: 205.381 Thread 0x00000000192eb800 nmethod 6130 0x0000000004130890 code [0x0000000004130ae0, 0x0000000004131c48]

GC Heap History (10 events):
Event: 229.917 GC heap before
{Heap before GC invocations=20 (full 3):
 PSYoungGen      total 119808K, used 78112K [0x00000000d5f00000, 0x00000000e3700000, 0x0000000100000000)
  eden space 34816K, 100% used [0x00000000d5f00000,0x00000000d8100000,0x00000000d8100000)
  from space 84992K, 50% used [0x00000000de400000,0x00000000e0e48000,0x00000000e3700000)
  to   space 93184K, 0% used [0x00000000d8100000,0x00000000d8100000,0x00000000ddc00000)
 ParOldGen       total 285696K, used 195220K [0x0000000081c00000, 0x0000000093300000, 0x00000000d5f00000)
  object space 285696K, 68% used [0x0000000081c00000,0x000000008daa53f0,0x0000000093300000)
 Metaspace       used 25826K, capacity 27322K, committed 27648K, reserved 1073152K
  class space    used 3455K, capacity 3738K, committed 3840K, reserved 1048576K
Event: 230.086 GC heap after
Heap after GC invocations=20 (full 3):
 PSYoungGen      total 128000K, used 34944K [0x00000000d5f00000, 0x00000000e3580000, 0x0000000100000000)
  eden space 34816K, 0% used [0x00000000d5f00000,0x00000000d5f00000,0x00000000d8100000)
  from space 93184K, 37% used [0x00000000d8100000,0x00000000da320000,0x00000000ddc00000)
  to   space 88064K, 0% used [0x00000000ddf80000,0x00000000ddf80000,0x00000000e3580000)
 ParOldGen       total 285696K, used 238684K [0x0000000081c00000, 0x0000000093300000, 0x00000000d5f00000)
  object space 285696K, 83% used [0x0000000081c00000,0x00000000905173f0,0x0000000093300000)
 Metaspace       used 25826K, capacity 27322K, committed 27648K, reserved 1073152K
  class space    used 3455K, capacity 3738K, committed 3840K, reserved 1048576K
}
Event: 234.975 GC heap before
{Heap before GC invocations=21 (full 3):
 PSYoungGen      total 128000K, used 69760K [0x00000000d5f00000, 0x00000000e3580000, 0x0000000100000000)
  eden space 34816K, 100% used [0x00000000d5f00000,0x00000000d8100000,0x00000000d8100000)
  from space 93184K, 37% used [0x00000000d8100000,0x00000000da320000,0x00000000ddc00000)
  to   space 88064K, 0% used [0x00000000ddf80000,0x00000000ddf80000,0x00000000e3580000)
 ParOldGen       total 285696K, used 238684K [0x0000000081c00000, 0x0000000093300000, 0x00000000d5f00000)
  object space 285696K, 83% used [0x0000000081c00000,0x00000000905173f0,0x0000000093300000)
 Metaspace       used 25826K, capacity 27322K, committed 27648K, reserved 1073152K
  class space    used 3455K, capacity 3738K, committed 3840K, reserved 1048576K
Event: 235.153 GC heap after
Heap after GC invocations=21 (full 3):
 PSYoungGen      total 121344K, used 34912K [0x00000000d5f00000, 0x00000000e2c00000, 0x0000000100000000)
  eden space 43008K, 0% used [0x00000000d5f00000,0x00000000d5f00000,0x00000000d8900000)
  from space 78336K, 44% used [0x00000000ddf80000,0x00000000e0198000,0x00000000e2c00000)
  to   space 83456K, 0% used [0x00000000d8900000,0x00000000d8900000,0x00000000dda80000)
 ParOldGen       total 285696K, used 273732K [0x0000000081c00000, 0x0000000093300000, 0x00000000d5f00000)
  object space 285696K, 95% used [0x0000000081c00000,0x00000000927513f0,0x0000000093300000)
 Metaspace       used 25826K, capacity 27322K, committed 27648K, reserved 1073152K
  class space    used 3455K, capacity 3738K, committed 3840K, reserved 1048576K
}
Event: 235.153 GC heap before
{Heap before GC invocations=22 (full 4):
 PSYoungGen      total 121344K, used 34912K [0x00000000d5f00000, 0x00000000e2c00000, 0x0000000100000000)
  eden space 43008K, 0% used [0x00000000d5f00000,0x00000000d5f00000,0x00000000d8900000)
  from space 78336K, 44% used [0x00000000ddf80000,0x00000000e0198000,0x00000000e2c00000)
  to   space 83456K, 0% used [0x00000000d8900000,0x00000000d8900000,0x00000000dda80000)
 ParOldGen       total 285696K, used 273732K [0x0000000081c00000, 0x0000000093300000, 0x00000000d5f00000)
  object space 285696K, 95% used [0x0000000081c00000,0x00000000927513f0,0x0000000093300000)
 Metaspace       used 25826K, capacity 27322K, committed 27648K, reserved 1073152K
  class space    used 3455K, capacity 3738K, committed 3840K, reserved 1048576K
Event: 237.442 GC heap after
Heap after GC invocations=22 (full 4):
 PSYoungGen      total 121344K, used 22543K [0x00000000d5f00000, 0x00000000e2c00000, 0x0000000100000000)
  eden space 43008K, 0% used [0x00000000d5f00000,0x00000000d5f00000,0x00000000d8900000)
  from space 78336K, 28% used [0x00000000ddf80000,0x00000000df583e18,0x00000000e2c00000)
  to   space 83456K, 0% used [0x00000000d8900000,0x00000000d8900000,0x00000000dda80000)
 ParOldGen       total 454144K, used 285280K [0x0000000081c00000, 0x000000009d780000, 0x00000000d5f00000)
  object space 454144K, 62% used [0x0000000081c00000,0x0000000093298240,0x000000009d780000)
 Metaspace       used 25826K, capacity 27322K, committed 27648K, reserved 1073152K
  class space    used 3455K, capacity 3738K, committed 3840K, reserved 1048576K
}
Event: 247.674 GC heap before
{Heap before GC invocations=23 (full 4):
 PSYoungGen      total 121344K, used 65551K [0x00000000d5f00000, 0x00000000e2c00000, 0x0000000100000000)
  eden space 43008K, 100% used [0x00000000d5f00000,0x00000000d8900000,0x00000000d8900000)
  from space 78336K, 28% used [0x00000000ddf80000,0x00000000df583e18,0x00000000e2c00000)
  to   space 83456K, 0% used [0x00000000d8900000,0x00000000d8900000,0x00000000dda80000)
 ParOldGen       total 454144K, used 285280K [0x0000000081c00000, 0x000000009d780000, 0x00000000d5f00000)
  object space 454144K, 62% used [0x0000000081c00000,0x0000000093298240,0x000000009d780000)
 Metaspace       used 25826K, capacity 27322K, committed 27648K, reserved 1073152K
  class space    used 3455K, capacity 3738K, committed 3840K, reserved 1048576K
Event: 247.919 GC heap after
Heap after GC invocations=23 (full 4):
 PSYoungGen      total 126464K, used 43136K [0x00000000d5f00000, 0x00000000e2d80000, 0x0000000100000000)
  eden space 43008K, 0% used [0x00000000d5f00000,0x00000000d5f00000,0x00000000d8900000)
  from space 83456K, 51% used [0x00000000d8900000,0x00000000db320000,0x00000000dda80000)
  to   space 80896K, 0% used [0x00000000dde80000,0x00000000dde80000,0x00000000e2d80000)
 ParOldGen       total 454144K, used 307984K [0x0000000081c00000, 0x000000009d780000, 0x00000000d5f00000)
  object space 454144K, 67% used [0x0000000081c00000,0x00000000948c4240,0x000000009d780000)
 Metaspace       used 25826K, capacity 27322K, committed 27648K, reserved 1073152K
  class space    used 3455K, capacity 3738K, committed 3840K, reserved 1048576K
}
Event: 261.900 GC heap before
{Heap before GC invocations=24 (full 4):
 PSYoungGen      total 126464K, used 86144K [0x00000000d5f00000, 0x00000000e2d80000, 0x0000000100000000)
  eden space 43008K, 100% used [0x00000000d5f00000,0x00000000d8900000,0x00000000d8900000)
  from space 83456K, 51% used [0x00000000d8900000,0x00000000db320000,0x00000000dda80000)
  to   space 80896K, 0% used [0x00000000dde80000,0x00000000dde80000,0x00000000e2d80000)
 ParOldGen       total 454144K, used 307984K [0x0000000081c00000, 0x000000009d780000, 0x00000000d5f00000)
  object space 454144K, 67% used [0x0000000081c00000,0x00000000948c4240,0x000000009d780000)
 Metaspace       used 25826K, capacity 27322K, committed 27648K, reserved 1073152K
  class space    used 3455K, capacity 3738K, committed 3840K, reserved 1048576K
Event: 262.178 GC heap after
Heap after GC invocations=24 (full 4):
 PSYoungGen      total 123904K, used 80896K [0x00000000d5f00000, 0x00000000e2d80000, 0x0000000100000000)
  eden space 43008K, 0% used [0x00000000d5f00000,0x00000000d5f00000,0x00000000d8900000)
  from space 80896K, 100% used [0x00000000dde80000,0x00000000e2d80000,0x00000000e2d80000)
  to   space 83456K, 0% used [0x00000000d8900000,0x00000000d8900000,0x00000000dda80000)
 ParOldGen       total 454144K, used 313288K [0x0000000081c00000, 0x000000009d780000, 0x00000000d5f00000)
  object space 454144K, 68% used [0x0000000081c00000,0x0000000094df2240,0x000000009d780000)
 Metaspace       used 25826K, capacity 27322K, committed 27648K, reserved 1073152K
  class space    used 3455K, capacity 3738K, committed 3840K, reserved 1048576K
}

Deoptimization events (10 events):
Event: 194.725 Thread 0x0000000019c86800 Uncommon trap: reason=unstable_if action=reinterpret pc=0x000000000394c994 method=javafx.scene.Scene.addToDirtyList(Ljavafx/scene/Node;)V @ 43
Event: 194.731 Thread 0x0000000019c86800 Uncommon trap: reason=unstable_if action=reinterpret pc=0x0000000003d5d438 method=javafx.scene.Node.updateBounds()V @ 37
Event: 194.820 Thread 0x0000000019c6c800 Uncommon trap: reason=unstable_if action=reinterpret pc=0x00000000040a08d8 method=com.sun.prism.impl.ps.BaseShaderContext.updatePaintShader(Lcom/sun/prism/impl/ps/BaseShaderGraphics;Lcom/sun/prism/ps/Shader;Lcom/sun/prism/impl/ps/BaseShaderContext$MaskType¯~,/–Zh@
Event: 194.831 Thread 0x0000000019c86800 Uncommon trap: reason=unstable_if action=reinterpret pc=0x00000000035cfda4 method=javafx.scene.Node.updateBounds()V @ 37
Event: 195.021 Thread 0x0000000019c6c800 Uncommon trap: reason=unstable_if action=reinterpret pc=0x0000000003bf5808 method=com.sun.prism.impl.BaseGraphics.drawTexture(Lcom/sun/prism/Texture;FFFFFFFF)V @ 4
Event: 195.022 Thread 0x0000000019c6c800 Uncommon trap: reason=unstable_if action=reinterpret pc=0x0000000003d714a0 method=com.sun.prism.impl.BaseGraphics.drawTexture(Lcom/sun/prism/Texture;FFFFFFFF)V @ 4
Event: 195.025 Thread 0x0000000019c6c800 Uncommon trap: reason=unstable_if action=reinterpret pc=0x00000000039cc8cc method=java.lang.StrictMath.floorOrCeil(DDDD)D @ 24
Event: 195.026 Thread 0x0000000019c6c800 Uncommon trap: reason=unstable_if action=reinterpret pc=0x00000000039621a4 method=java.lang.StrictMath.floorOrCeil(DDDD)D @ 24
Event: 195.026 Thread 0x0000000019c6c800 Uncommon trap: reason=unstable_if action=reinterpret pc=0x000000000375a4f4 method=java.lang.StrictMath.floorOrCeil(DDDD)D @ 24
Event: 195.026 Thread 0x0000000019c6c800 Uncommon trap: reason=unstable_if action=reinterpret pc=0x0000000003924074 method=java.lang.StrictMath.floorOrCeil(DDDD)D @ 24

Internal exceptions (10 events):
Event: 172.509 Thread 0x0000000019c6c800 Implicit null exception at 0x000000000392d79b to 0x000000000392d8e0
Event: 172.509 Thread 0x0000000019c6c800 Exception <a 'java/lang/NullPointerException'> (0x00000000d71fb940) thrown at [C:\re\workspace\8-2-build-windows-amd64-cygwin\jdk8u91\7017\hotspot\src\share\vm\runtime\sharedRuntime.cpp, line 605]
Event: 172.509 Thread 0x0000000019c6c800 Implicit null exception at 0x000000000325c31e to 0x000000000325c359
Event: 172.509 Thread 0x0000000019c6c800 Exception <a 'java/lang/NullPointerException'> (0x00000000d71fc060) thrown at [C:\re\workspace\8-2-build-windows-amd64-cygwin\jdk8u91\7017\hotspot\src\share\vm\runtime\sharedRuntime.cpp, line 605]
Event: 172.510 Thread 0x0000000019c6c800 Implicit null exception at 0x000000000392d79b to 0x000000000392d8e0
Event: 172.510 Thread 0x0000000019c6c800 Exception <a 'java/lang/NullPointerException'> (0x00000000d71fc620) thrown at [C:\re\workspace\8-2-build-windows-amd64-cygwin\jdk8u91\7017\hotspot\src\share\vm\runtime\sharedRuntime.cpp, line 605]
Event: 172.510 Thread 0x0000000019c6c800 Implicit null exception at 0x000000000325c31e to 0x000000000325c359
Event: 172.510 Thread 0x0000000019c6c800 Exception <a 'java/lang/NullPointerException'> (0x00000000d71fcd40) thrown at [C:\re\workspace\8-2-build-windows-amd64-cygwin\jdk8u91\7017\hotspot\src\share\vm\runtime\sharedRuntime.cpp, line 605]
Event: 172.510 Thread 0x0000000019c6c800 Implicit null exception at 0x000000000392d79b to 0x000000000392d8e0
Event: 172.510 Thread 0x0000000019c6c800 Exception <a 'java/lang/NullPointerException'> (0x00000000d71fd300) thrown at [C:\re\workspace\8-2-build-windows-amd64-cygwin\jdk8u91\7017\hotspot\src\share\vm\runtime\sharedRuntime.cpp, line 605]

Events (10 events):
Event: 225.687 Executing VM operation: ParallelGCFailedAllocation
Event: 225.860 Executing VM operation: ParallelGCFailedAllocation done
Event: 229.917 Executing VM operation: ParallelGCFailedAllocation
Event: 230.087 Executing VM operation: ParallelGCFailedAllocation done
Event: 234.975 Executing VM operation: ParallelGCFailedAllocation
Event: 237.442 Executing VM operation: ParallelGCFailedAllocation done
Event: 247.674 Executing VM operation: ParallelGCFailedAllocation
Event: 247.919 Executing VM operation: ParallelGCFailedAllocation done
Event: 261.900 Executing VM operation: ParallelGCFailedAllocation
Event: 262.178 Executing VM operation: ParallelGCFailedAllocation done


Dynamic libraries:
0x00007ff73f5c0000 - 0x00007ff73f5f7000 	C:\Program Files\Java\jdk1.8.0_91\bin\java.exe
0x00007ffc099a0000 - 0x00007ffc09b7b000 	C:\WINDOWS\SYSTEM32\ntdll.dll
0x00007ffc07770000 - 0x00007ffc0781e000 	C:\WINDOWS\System32\KERNEL32.DLL
0x00007ffc060e0000 - 0x00007ffc06329000 	C:\WINDOWS\System32\KERNELBASE.dll
0x00007ffc07990000 - 0x00007ffc07a31000 	C:\WINDOWS\System32\ADVAPI32.dll
0x00007ffc09370000 - 0x00007ffc0940d000 	C:\WINDOWS\System32\msvcrt.dll
0x00007ffc09300000 - 0x00007ffc09359000 	C:\WINDOWS\System32\sechost.dll
0x00007ffc06fd0000 - 0x00007ffc070f5000 	C:\WINDOWS\System32\RPCRT4.dll
0x00007ffc09850000 - 0x00007ffc0999a000 	C:\WINDOWS\System32\USER32.dll
0x00007ffc06b30000 - 0x00007ffc06b4e000 	C:\WINDOWS\System32\win32u.dll
0x00007ffc078a0000 - 0x00007ffc078c7000 	C:\WINDOWS\System32\GDI32.dll
0x00007ffc06c00000 - 0x00007ffc06d88000 	C:\WINDOWS\System32\gdi32full.dll
0x00007ffc06a90000 - 0x00007ffc06b2a000 	C:\WINDOWS\System32\msvcp_win.dll
0x00007ffc06d90000 - 0x00007ffc06e86000 	C:\WINDOWS\System32\ucrtbase.dll
0x00007ffbfb970000 - 0x00007ffbfbbd7000 	C:\WINDOWS\WinSxS\amd64_microsoft.windows.common-controls_6595b64144ccf1df_6.0.15063.483_none_26002d27e7c744a2\COMCTL32.dll
0x00007ffc07470000 - 0x00007ffc07769000 	C:\WINDOWS\System32\combase.dll
0x00007ffc06e90000 - 0x00007ffc06efa000 	C:\WINDOWS\System32\bcryptPrimitives.dll
0x00007ffc06f00000 - 0x00007ffc06f2d000 	C:\WINDOWS\System32\IMM32.DLL
0x000000006ca70000 - 0x000000006cb42000 	C:\Program Files\Java\jdk1.8.0_91\jre\bin\msvcr100.dll
0x000000006c1d0000 - 0x000000006ca63000 	C:\Program Files\Java\jdk1.8.0_91\jre\bin\server\jvm.dll
0x00007ffc09360000 - 0x00007ffc09368000 	C:\WINDOWS\System32\PSAPI.DLL
0x00007ffbf5250000 - 0x00007ffbf5259000 	C:\WINDOWS\SYSTEM32\WSOCK32.dll
0x00007ffc09290000 - 0x00007ffc092fc000 	C:\WINDOWS\System32\WS2_32.dll
0x00007ffc04040000 - 0x00007ffc04063000 	C:\WINDOWS\SYSTEM32\WINMM.dll
0x00007ffbfa710000 - 0x00007ffbfa71a000 	C:\WINDOWS\SYSTEM32\VERSION.dll
0x00007ffc03fe0000 - 0x00007ffc0400b000 	C:\WINDOWS\SYSTEM32\WINMMBASE.dll
0x00007ffc06090000 - 0x00007ffc060d9000 	C:\WINDOWS\System32\cfgmgr32.dll
0x000000006c1c0000 - 0x000000006c1cf000 	C:\Program Files\Java\jdk1.8.0_91\jre\bin\verify.dll
0x000000006c190000 - 0x000000006c1b9000 	C:\Program Files\Java\jdk1.8.0_91\jre\bin\java.dll
0x000000006b6e0000 - 0x000000006b703000 	C:\Program Files\Java\jdk1.8.0_91\jre\bin\instrument.dll
0x000000006c170000 - 0x000000006c186000 	C:\Program Files\Java\jdk1.8.0_91\jre\bin\zip.dll
0x00007ffc07ce0000 - 0x00007ffc09116000 	C:\WINDOWS\System32\SHELL32.dll
0x00007ffc07ab0000 - 0x00007ffc07b5a000 	C:\WINDOWS\System32\shcore.dll
0x00007ffc06390000 - 0x00007ffc06a83000 	C:\WINDOWS\System32\windows.storage.dll
0x00007ffc07a40000 - 0x00007ffc07a91000 	C:\WINDOWS\System32\shlwapi.dll
0x00007ffc05ea0000 - 0x00007ffc05eb1000 	C:\WINDOWS\System32\kernel.appcore.dll
0x00007ffc05e50000 - 0x00007ffc05e9c000 	C:\WINDOWS\System32\powrprof.dll
0x00007ffc05e30000 - 0x00007ffc05e45000 	C:\WINDOWS\System32\profapi.dll
0x00007ffc002f0000 - 0x00007ffc0030a000 	C:\Program Files\JetBrains\IntelliJ IDEA 2017.2\bin\breakgen64.dll
0x000000006c150000 - 0x000000006c16a000 	C:\Program Files\Java\jdk1.8.0_91\jre\bin\net.dll
0x00007ffc056c0000 - 0x00007ffc0571c000 	C:\WINDOWS\system32\mswsock.dll
0x00007ffbee250000 - 0x00007ffbee33f000 	C:\Program Files\Java\jdk1.8.0_91\jre\bin\msvcr120.dll
0x00007ffbee1a0000 - 0x00007ffbee246000 	C:\Program Files\Java\jdk1.8.0_91\jre\bin\msvcp120.dll
0x000000006b6b0000 - 0x000000006b6d3000 	C:\Program Files\Java\jdk1.8.0_91\jre\bin\prism_d3d.dll
0x00007ffbbb480000 - 0x00007ffbbb609000 	C:\WINDOWS\system32\d3d9.dll
0x00007ffc03030000 - 0x00007ffc0305a000 	C:\WINDOWS\SYSTEM32\dwmapi.dll
0x00007ffc04690000 - 0x00007ffc04725000 	C:\WINDOWS\system32\uxtheme.dll
0x00007ffbd7300000 - 0x00007ffbd7d6e000 	C:\WINDOWS\SYSTEM32\igdumdim64.dll
0x00007ffc01280000 - 0x00007ffc016e4000 	C:\WINDOWS\SYSTEM32\igdusc64.dll
0x000000006b660000 - 0x000000006b6a3000 	C:\Program Files\Java\jdk1.8.0_91\jre\bin\glass.dll
0x00007ffc07b60000 - 0x00007ffc07c68000 	C:\WINDOWS\System32\COMDLG32.dll
0x00007ffc07300000 - 0x00007ffc07445000 	C:\WINDOWS\System32\ole32.dll
0x00007ffc078d0000 - 0x00007ffc07990000 	C:\WINDOWS\System32\OLEAUT32.dll
0x00007ffc09120000 - 0x00007ffc09286000 	C:\WINDOWS\System32\MSCTF.dll
0x00007ffbfd700000 - 0x00007ffbfd7a1000 	C:\Program Files\Common Files\microsoft shared\ink\tiptsf.dll
0x0000000068900000 - 0x000000006ae8e000 	C:\Program Files\Java\jdk1.8.0_91\jre\bin\jfxwebkit.dll
0x00007ffc05870000 - 0x00007ffc05887000 	C:\WINDOWS\SYSTEM32\CRYPTSP.dll
0x00007ffc052e0000 - 0x00007ffc05314000 	C:\WINDOWS\system32\rsaenh.dll
0x00007ffc05ce0000 - 0x00007ffc05d05000 	C:\WINDOWS\SYSTEM32\bcrypt.dll
0x00007ffc05860000 - 0x00007ffc0586b000 	C:\WINDOWS\SYSTEM32\CRYPTBASE.dll
0x000000006c130000 - 0x000000006c141000 	C:\Program Files\Java\jdk1.8.0_91\jre\bin\nio.dll
0x00007ffc054a0000 - 0x00007ffc05544000 	C:\WINDOWS\SYSTEM32\DNSAPI.dll
0x00007ffc07cd0000 - 0x00007ffc07cd8000 	C:\WINDOWS\System32\NSI.dll
0x00007ffc05460000 - 0x00007ffc05497000 	C:\WINDOWS\SYSTEM32\IPHLPAPI.DLL
0x000000006d860000 - 0x000000006d886000 	C:\Program Files\Bonjour\mdnsNSP.dll
0x00007ffbf6840000 - 0x00007ffbf684a000 	C:\Windows\System32\rasadhlp.dll
0x00007ffbfbfe0000 - 0x00007ffbfc04b000 	C:\WINDOWS\System32\fwpuclnt.dll
0x000000006b640000 - 0x000000006b654000 	C:\Program Files\Java\jdk1.8.0_91\jre\bin\javafx_font.dll
0x00007ffc009b0000 - 0x00007ffc00c6f000 	C:\WINDOWS\SYSTEM32\dwrite.dll
0x00007ffc06f30000 - 0x00007ffc06fce000 	C:\WINDOWS\System32\clbcatq.dll
0x00007ffc02480000 - 0x00007ffc0262c000 	C:\WINDOWS\SYSTEM32\WindowsCodecs.dll
0x00007ffbfd7f0000 - 0x00007ffbfd837000 	C:\WINDOWS\system32\dataexchange.dll
0x00007ffc030c0000 - 0x00007ffc0339f000 	C:\WINDOWS\system32\d3d11.dll
0x00007ffc03eb0000 - 0x00007ffc03fd2000 	C:\WINDOWS\system32\dcomp.dll
0x00007ffc04d60000 - 0x00007ffc04e04000 	C:\WINDOWS\system32\dxgi.dll
0x00007ffc04900000 - 0x00007ffc04a70000 	C:\WINDOWS\system32\twinapi.appcore.dll
0x00007ffbfe2e0000 - 0x00007ffbfe311000 	C:\Program Files\Common Files\Microsoft Shared\Ink\rtscom.dll
0x00007ffbfcb90000 - 0x00007ffbfcd55000 	C:\Windows\System32\uiautomationcore.dll
0x00007ffc05c40000 - 0x00007ffc05cda000 	C:\WINDOWS\SYSTEM32\sxs.dll
0x00007ffc03d90000 - 0x00007ffc03e73000 	C:\Windows\System32\CoreMessaging.dll
0x00007ffc01b70000 - 0x00007ffc01e42000 	C:\Windows\System32\CoreUIComponents.dll
0x00007ffc05020000 - 0x00007ffc05051000 	C:\WINDOWS\SYSTEM32\ntmarta.dll
0x00007ffc02670000 - 0x00007ffc027a9000 	C:\WINDOWS\SYSTEM32\wintypes.dll
0x00007ffc029d0000 - 0x00007ffc029e5000 	C:\WINDOWS\SYSTEM32\usermgrcli.dll
0x00007ffbfcb20000 - 0x00007ffbfcb8b000 	C:\WINDOWS\SYSTEM32\OLEACC.dll
0x000000006b620000 - 0x000000006b631000 	C:\Program Files\Java\jdk1.8.0_91\jre\bin\prism_common.dll
0x000000006aea0000 - 0x000000006aec4000 	C:\Program Files\Java\jdk1.8.0_91\jre\bin\sunec.dll
0x00007ffc05d40000 - 0x00007ffc05d69000 	C:\WINDOWS\SYSTEM32\USERENV.dll
0x00007ffbfbe30000 - 0x00007ffbfbe46000 	C:\WINDOWS\SYSTEM32\dhcpcsvc6.DLL
0x00007ffbfbe10000 - 0x00007ffbfbe2a000 	C:\WINDOWS\SYSTEM32\dhcpcsvc.DLL
0x00007ffbfe380000 - 0x00007ffbfe396000 	C:\WINDOWS\system32\napinsp.dll
0x00007ffbfa520000 - 0x00007ffbfa53a000 	C:\WINDOWS\system32\pnrpnsp.dll
0x00007ffc02d10000 - 0x00007ffc02d28000 	C:\WINDOWS\system32\NLAapi.dll
0x00007ffbfaa80000 - 0x00007ffbfaa8e000 	C:\WINDOWS\System32\winrnr.dll
0x00007ffbe3dd0000 - 0x00007ffbe3de5000 	C:\WINDOWS\System32\wshbth.dll
0x00007ffc01930000 - 0x00007ffc019b2000 	C:\WINDOWS\System32\TextInputFramework.dll
0x00007ffbf89d0000 - 0x00007ffbf8b79000 	C:\WINDOWS\SYSTEM32\dbghelp.dll

VM Arguments:
jvm_args: -javaagent:C:\Program Files\JetBrains\IntelliJ IDEA 2017.2\lib\idea_rt.jar=14749:C:\Program Files\JetBrains\IntelliJ IDEA 2017.2\bin -Dfile.encoding=UTF-8 
java_command: application.MapApp
java_class_path (initial): C:\Users\timad\workspace\UCSDGraphs\bin;C:\Program Files\Java\jdk1.8.0_91\jre\lib\charsets.jar;C:\Program Files\Java\jdk1.8.0_91\jre\lib\deploy.jar;C:\Program Files\Java\jdk1.8.0_91\jre\lib\ext\access-bridge-64.jar;C:\Program Files\Java\jdk1.8.0_91\jre\lib\ext\cldrdata.jar;C:\Program Files\Java\jdk1.8.0_91\jre\lib\ext\dnsns.jar;C:\Program Files\Java\jdk1.8.0_91\jre\lib\ext\jaccess.jar;C:\Program Files\Java\jdk1.8.0_91\jre\lib\ext\jfxrt.jar;C:\Program Files\Java\jdk1.8.0_91\jre\lib\ext\localedata.jar;C:\Program Files\Java\jdk1.8.0_91\jre\lib\ext\nashorn.jar;C:\Program Files\Java\jdk1.8.0_91\jre\lib\ext\sunec.jar;C:\Program Files\Java\jdk1.8.0_91\jre\lib\ext\sunjce_provider.jar;C:\Program Files\Java\jdk1.8.0_91\jre\lib\ext\sunmscapi.jar;C:\Program Files\Java\jdk1.8.0_91\jre\lib\ext\sunpkcs11.jar;C:\Program Files\Java\jdk1.8.0_91\jre\lib\ext\zipfs.jar;C:\Program Files\Java\jdk1.8.0_91\jre\lib\javaws.jar;C:\Program Files\Java\jdk1.8.0_91\jre\lib\jce.jar;C:\Program Files\Java\jdk1.8.0_91\jre\lib\jfr.jar;C:\Program Files\Java\jdk1.8.0_91\jre\lib\jfxswt.jar;C:\Program Files\Java\jdk1.8.0_91\jre\lib\jsse.jar;C:\Program Files\Java\jdk1.8.0_91\jre\lib\management-agent.jar;C:\Program Files\Java\jdk1.8.0_91\jre\lib\plugin.jar;C:\Program Files\Java\jdk1.8.0_91\jre\lib\resources.jar;C:\Program Files\Java\jdk1.8.0_91\jre\lib\rt.jar;C:\Users\timad\workspace\UCSDGraphs\libs\javax.json-1.0.4.jar;C:\Program Files\JetBrains\IntelliJ IDEA 2017.2\lib\junit-4.12.jar;C:\Program Files\JetBrains\IntelliJ IDEA 2017.2\lib\hamcrest-core-1.3.jar;C:\Program Files\JetBrains\IntelliJ IDEA 2017.2\lib\idea_rt.jar
Launcher Type: SUN_STANDARD

Environment Variables:
JAVA_HOME=C:\Program Files\Java\jdk1.8.0_91
PATH=C:\Program Files\Java\jre1.8.0_131\bin;C:\Users\timad\AppData\Local\Programs\Python\Python36-32\Scripts\;C:\Users\timad\AppData\Local\Programs\Python\Python36-32\;C:\Program Files\Docker Toolbox;"C:\Program Files\Sublime Text 3\;";C:\laragon\bin\apache\apache-2.4.17;C:\laragon\bin\composer;C:\laragon\bin\mysql\mariadb-10.1.9;C:\laragon\bin\mysql;C:\laragon\bin\redis\redis-2.8.17;C:\laragon\bin\sendmail;C:\Users\timad\AppData\Roaming\npm\node_modules;C:\Users\timad\AppData\Roaming\npm;C:\Program Files\Heroku\bin;C:\sqlite;C:\Users\timad\AppData\Local\Android\sdk\platform-tools;C:\Users\timad\AppData\Local\Android\sdk\tools;C:\Users\timad\AppData\Local\Microsoft\WindowsApps;C:\Program Files\nodejs;C:\Program Files\Git\bin;C:\Program Files\MongoDB\Server\3.4\bin;C:\laragon\bin\php\php-7.1.1-Win32-VC14-x86;C:\Program Files\Java\jre1.8.0_131\bin;C:\Program Files\Microsoft VS Code\bin;C:\Program Files\Java\jdk1.8.0_91;
USERNAME=Oluwatimilehin
OS=Windows_NT
PROCESSOR_IDENTIFIER=Intel64 Family 6 Model 55 Stepping 8, GenuineIntel



---------------  S Y S T E M  ---------------

OS: Windows 10.0 , 64 bit Build 15063 (10.0.15063.296)

CPU:total 4 (4 cores per cpu, 1 threads per core) family 6 model 55 stepping 8, cmov, cx8, fxsr, mmx, sse, sse2, sse3, ssse3, sse4.1, sse4.2, popcnt, clmul, erms, 3dnowpref, tsc, tscinvbit

Memory: 4k page, physical 8271216k(171296k free), swap 33437040k(8628k free)

vm_info: Java HotSpot(TM) 64-Bit Server VM (25.91-b15) for windows-amd64 JRE (1.8.0_91-b15), built on May 20 2016 17:43:15 by "java_re" with MS VC++ 10.0 (VS2010)

time: Thu Sep 21 17:07:35 2017
elapsed time: 262 seconds (0d 0h 4m 22s)

